warning: Git tree '/home/color/nixos' is dirty
building the system configuration...
warning: Git tree '/home/color/nixos' is dirty
these 17 derivations will be built:
  /nix/store/j7bprwfkn6kag7and6wi0vp6d47qlgpr-home-manager-path.drv
  /nix/store/aybykpn93yc9871vn059i5lns15kzlfd-activation-script.drv
  /nix/store/kyf58r9l4ifzhp9lxa8ri425j1zq56ab-home-manager-files.drv
  /nix/store/0asfz2svqs3y4c5vhrjq5l38aifi63fk-home-manager-generation.drv
  /nix/store/1d509p2f8m7g828p9s6ymgcbcx6xmz98-unit-home-manager-color.service.drv
  /nix/store/n00d9y4j3dmnj7laf3g9n8ybw5wcljvw-system-path.drv
  /nix/store/cmg4f6chyl59lf5yz1zndk2rgjr65xaj-unit-accounts-daemon.service.drv
  /nix/store/zdqibd5pvxawj40q1x83zrh3lak77j60-dbus-1.drv
  /nix/store/yv041cz11akpn9zlava158yzbk1ql8m8-X-Restart-Triggers-dbus-broker.drv
  /nix/store/wpv1yz15gjwz13x78dhihdl4hw0lblzl-unit-dbus-broker.service.drv
  /nix/store/ls3xkqhr2c7wfkh0wyxrclj7jsg5jndb-X-Restart-Triggers-polkit.drv
  /nix/store/xga2pv7j9djrf416zp9xvxrkkf15cjg9-unit-polkit.service.drv
  /nix/store/1dcq41421cc5906nc16abjy514rvjljv-system-units.drv
  /nix/store/bq2s1bi4yjgi2pwm8pnxq7497j8k9r9i-unit-dbus-broker.service.drv
  /nix/store/63wc4fnfy0199c93cr5rpqpgxsra24yj-user-units.drv
  /nix/store/c58h8wk1amkyvp3djm882mhlp13dqfv5-etc.drv
  /nix/store/dzm5iry7yic80g5h224ym13qm0wfw6az-nixos-system-colornix-24.05.20240427.58a1abd.drv
building '/nix/store/n00d9y4j3dmnj7laf3g9n8ybw5wcljvw-system-path.drv'...
building '/nix/store/kyf58r9l4ifzhp9lxa8ri425j1zq56ab-home-manager-files.drv'...
building '/nix/store/j7bprwfkn6kag7and6wi0vp6d47qlgpr-home-manager-path.drv'...
building '/nix/store/aybykpn93yc9871vn059i5lns15kzlfd-activation-script.drv'...
building '/nix/store/0asfz2svqs3y4c5vhrjq5l38aifi63fk-home-manager-generation.drv'...
building '/nix/store/1d509p2f8m7g828p9s6ymgcbcx6xmz98-unit-home-manager-color.service.drv'...
building '/nix/store/ls3xkqhr2c7wfkh0wyxrclj7jsg5jndb-X-Restart-Triggers-polkit.drv'...
building '/nix/store/zdqibd5pvxawj40q1x83zrh3lak77j60-dbus-1.drv'...
building '/nix/store/cmg4f6chyl59lf5yz1zndk2rgjr65xaj-unit-accounts-daemon.service.drv'...
building '/nix/store/yv041cz11akpn9zlava158yzbk1ql8m8-X-Restart-Triggers-dbus-broker.drv'...
building '/nix/store/xga2pv7j9djrf416zp9xvxrkkf15cjg9-unit-polkit.service.drv'...
building '/nix/store/bq2s1bi4yjgi2pwm8pnxq7497j8k9r9i-unit-dbus-broker.service.drv'...
building '/nix/store/wpv1yz15gjwz13x78dhihdl4hw0lblzl-unit-dbus-broker.service.drv'...
building '/nix/store/63wc4fnfy0199c93cr5rpqpgxsra24yj-user-units.drv'...
building '/nix/store/1dcq41421cc5906nc16abjy514rvjljv-system-units.drv'...
building '/nix/store/c58h8wk1amkyvp3djm882mhlp13dqfv5-etc.drv'...
building '/nix/store/dzm5iry7yic80g5h224ym13qm0wfw6az-nixos-system-colornix-24.05.20240427.58a1abd.drv'...
stopping the following units: accounts-daemon.service
activating the configuration...
setting up /etc...
reloading user units for color...
restarting sysinit-reactivation.target
reloading the following units: dbus-broker.service
restarting the following units: home-manager-color.service, polkit.service
starting the following units: accounts-daemon.service
